-------------------------------------------------------------------------------
Test set: Test.verifyLoginTest
-------------------------------------------------------------------------------
Tests run: 1, Failures: 1, Errors: 0, Skipped: 0, Time elapsed: 9.553 sec <<< FAILURE!
login(Test.verifyLoginTest)  Time elapsed: 0.005 sec  <<< FAILURE!
java.lang.NullPointerException: Cannot invoke "org.openqa.selenium.SearchContext.findElement(org.openqa.selenium.By)" because "this.searchContext" is null
	at org.openqa.selenium.support.pagefactory.DefaultElementLocator.findElement(DefaultElementLocator.java:69)
	at org.openqa.selenium.support.pagefactory.internal.LocatingElementHandler.invoke(LocatingElementHandler.java:38)
	at com.sun.proxy.$Proxy10.click(Unknown Source)
	at pages.HomePage.clickLogInLink(HomePage.java:18)
	at Test.verifyLoginTest.login(verifyLoginTest.java:14)

